{
  "RSpec": {
    "coverage": {
      "/home/kushnir/Projects/opensource/gems/minfraud/lib/minfraud.rb": [
        1,
        null,
        1,
        1,
        null,
        null,
        1,
        null,
        null,
        null,
        1,
        null,
        null,
        1,
        2,
        null,
        null,
        null,
        1,
        null,
        null,
        null,
        1,
        null,
        null,
        null
      ],
      "/home/kushnir/Projects/opensource/gems/minfraud/lib/minfraud/assessments.rb": [
        1,
        1,
        1,
        1,
        1,
        null,
        1,
        1,
        1,
        1,
        null,
        null,
        null,
        1,
        null,
        null,
        null,
        1,
        null,
        null,
        null,
        1,
        null,
        null,
        null,
        1,
        null,
        null,
        null,
        1,
        null,
        null,
        null,
        1,
        null,
        null,
        null,
        1,
        null,
        null,
        null,
        1,
        null,
        null,
        null,
        1,
        null,
        null,
        null,
        1,
        null,
        null,
        null,
        null,
        null,
        1,
        15,
        null,
        null,
        null,
        null,
        null,
        null,
        null,
        1,
        3,
        3,
        3,
        null,
        null,
        null,
        null,
        null,
        3,
        null,
        null,
        null,
        1,
        1,
        1,
        null,
        1,
        null,
        null,
        1,
        3,
        30,
        0,
        null,
        null,
        null,
        null,
        null,
        1,
        0,
        null,
        null,
        null
      ],
      "/home/kushnir/Projects/opensource/gems/minfraud/lib/minfraud/http_service.rb": [
        1,
        1,
        null,
        1,
        1,
        1,
        null,
        1,
        null,
        null,
        null,
        1,
        null,
        null,
        null,
        null,
        1,
        0,
        null,
        0,
        null,
        0,
        0,
        null,
        0,
        null,
        null,
        null,
        1,
        null,
        null
      ],
      "/home/kushnir/Projects/opensource/gems/minfraud/lib/minfraud/http_service/request.rb": [
        1,
        null,
        1,
        1,
        1,
        null,
        null,
        1,
        null,
        null,
        null,
        1,
        null,
        null,
        null,
        null,
        1,
        2,
        2,
        null,
        null,
        null,
        null,
        null,
        1,
        1,
        null,
        null,
        1,
        null,
        null,
        1,
        0,
        null,
        null,
        null,
        null
      ],
      "/home/kushnir/Projects/opensource/gems/minfraud/lib/minfraud/http_service/response.rb": [
        1,
        1,
        1,
        null,
        null,
        1,
        null,
        null,
        null,
        1,
        null,
        null,
        null,
        1,
        null,
        null,
        null,
        null,
        1,
        5,
        5,
        5,
        null,
        null,
        null,
        null,
        1,
        2,
        null,
        null,
        null,
        null
      ],
      "/home/kushnir/Projects/opensource/gems/minfraud/lib/minfraud/resolver.rb": [
        1,
        1,
        1,
        1,
        1,
        1,
        1,
        1,
        1,
        1,
        1,
        1,
        1,
        1,
        null,
        1,
        1,
        1,
        null,
        null,
        null,
        null,
        1,
        3,
        2,
        null,
        1,
        1,
        null,
        null,
        null,
        null,
        null,
        1,
        null,
        null,
        null,
        null,
        null,
        null,
        null,
        null,
        null,
        null,
        null,
        null,
        null
      ],
      "/home/kushnir/Projects/opensource/gems/minfraud/lib/minfraud/components/base.rb": [
        1,
        1,
        null,
        1,
        1,
        1,
        null,
        null,
        1,
        1,
        null,
        1,
        null,
        1,
        96,
        null,
        null,
        1,
        null,
        1,
        11,
        17,
        null,
        null,
        null,
        null
      ],
      "/home/kushnir/Projects/opensource/gems/minfraud/lib/minfraud/accessible.rb": [
        1,
        1,
        1,
        1,
        null,
        null,
        1,
        1,
        52,
        null,
        null,
        1,
        24,
        null,
        null,
        null,
        null
      ],
      "/home/kushnir/Projects/opensource/gems/minfraud/lib/minfraud/components/account.rb": [
        1,
        1,
        1,
        null,
        null,
        null,
        1,
        null,
        null,
        1,
        null,
        null,
        null
      ],
      "/home/kushnir/Projects/opensource/gems/minfraud/lib/minfraud/components/addressable.rb": [
        1,
        1,
        1,
        null,
        null,
        1,
        null,
        null,
        null,
        1,
        null,
        null,
        null,
        1,
        null,
        null,
        null,
        1,
        null,
        null,
        null,
        1,
        null,
        null,
        null,
        1,
        null,
        null,
        null,
        1,
        null,
        null,
        null,
        1,
        null,
        null,
        null,
        1,
        null,
        null,
        null,
        1,
        null,
        null,
        null,
        1,
        null,
        null,
        null
      ],
      "/home/kushnir/Projects/opensource/gems/minfraud/lib/minfraud/components/billing.rb": [
        1,
        1,
        1,
        null,
        null
      ],
      "/home/kushnir/Projects/opensource/gems/minfraud/lib/minfraud/components/credit_card.rb": [
        1,
        1,
        1,
        null,
        null,
        null,
        1,
        null,
        null,
        null,
        1,
        null,
        null,
        null,
        1,
        null,
        null,
        null,
        1,
        null,
        null,
        null,
        1,
        null,
        null,
        null,
        1,
        null,
        null,
        null,
        1,
        null,
        null,
        null,
        1,
        null,
        null,
        null,
        null,
        1,
        2,
        2,
        2,
        2,
        2,
        2,
        2,
        2,
        null,
        null,
        null,
        null
      ],
      "/home/kushnir/Projects/opensource/gems/minfraud/lib/minfraud/components/device.rb": [
        1,
        1,
        1,
        null,
        null,
        null,
        1,
        null,
        null,
        null,
        1,
        null,
        null,
        null,
        1,
        null,
        null,
        null,
        null,
        1,
        2,
        2,
        2,
        null,
        null,
        null,
        null
      ],
      "/home/kushnir/Projects/opensource/gems/minfraud/lib/minfraud/components/email.rb": [
        1,
        1,
        1,
        null,
        null,
        1,
        null,
        null,
        null,
        1,
        null,
        null,
        null
      ],
      "/home/kushnir/Projects/opensource/gems/minfraud/lib/minfraud/components/event.rb": [
        1,
        null,
        1,
        1,
        1,
        1,
        null,
        null,
        1,
        null,
        null,
        null,
        1,
        null,
        null,
        null,
        null,
        1,
        null,
        null,
        null,
        1,
        null,
        null,
        null,
        null,
        1,
        2,
        2,
        null,
        null,
        null,
        null
      ],
      "/home/kushnir/Projects/opensource/gems/minfraud/lib/minfraud/enum.rb": [
        1,
        1,
        1,
        11,
        null,
        null,
        1,
        null,
        null,
        1,
        16,
        null,
        null,
        null,
        null,
        null,
        1,
        11,
        null,
        11,
        11,
        null,
        null,
        11,
        13,
        11,
        9,
        8,
        null,
        null,
        null,
        null,
        null,
        null
      ],
      "/home/kushnir/Projects/opensource/gems/minfraud/lib/minfraud/components/order.rb": [
        1,
        1,
        1,
        null,
        null,
        1,
        null,
        null,
        null,
        1,
        null,
        null,
        null,
        null,
        1,
        null,
        null,
        null,
        1,
        null,
        null,
        null,
        1,
        null,
        null,
        null,
        1,
        null,
        null,
        null,
        1,
        null,
        null,
        null,
        1,
        null,
        null,
        null,
        null,
        1,
        2,
        2,
        2,
        2,
        2,
        2,
        2,
        2,
        null,
        null,
        null,
        null
      ],
      "/home/kushnir/Projects/opensource/gems/minfraud/lib/minfraud/components/payment.rb": [
        1,
        1,
        1,
        1,
        null,
        null,
        1,
        null,
        null,
        null,
        null,
        null,
        null,
        null,
        null,
        null,
        null,
        null,
        null,
        null,
        null,
        null,
        null,
        1,
        null,
        null,
        null,
        1,
        null,
        null,
        null,
        null,
        1,
        2,
        2,
        null,
        null,
        null,
        null
      ],
      "/home/kushnir/Projects/opensource/gems/minfraud/lib/minfraud/components/shopping_cart_item.rb": [
        1,
        1,
        1,
        null,
        null,
        1,
        null,
        null,
        null,
        1,
        null,
        null,
        null,
        1,
        null,
        null,
        null,
        1,
        null,
        null,
        null
      ],
      "/home/kushnir/Projects/opensource/gems/minfraud/lib/minfraud/components/shipping.rb": [
        1,
        1,
        1,
        1,
        null,
        null,
        1,
        null,
        null,
        null,
        null,
        1,
        2,
        2,
        null,
        null,
        null,
        null
      ],
      "/home/kushnir/Projects/opensource/gems/minfraud/lib/minfraud/components/shopping_cart.rb": [
        1,
        1,
        1,
        null,
        null,
        null,
        1,
        null,
        null,
        null,
        1,
        7,
        null,
        null,
        null,
        1,
        2,
        null,
        null,
        1,
        null,
        null,
        null,
        null,
        1,
        4,
        null,
        null,
        null,
        null
      ],
      "/home/kushnir/Projects/opensource/gems/minfraud/lib/minfraud/error_handler.rb": [
        1,
        null,
        1,
        1,
        1,
        null,
        null,
        null,
        1,
        3,
        null,
        2,
        null,
        null,
        null,
        1,
        null,
        null,
        null,
        null,
        null,
        null,
        null,
        null,
        null,
        null,
        null,
        null,
        null,
        null,
        null,
        null,
        null,
        null,
        null,
        null,
        null,
        null,
        null,
        null,
        null,
        null,
        null,
        null,
        null,
        null,
        null
      ],
      "/home/kushnir/Projects/opensource/gems/minfraud/lib/minfraud/errors.rb": [
        1,
        null,
        1,
        null,
        1,
        1,
        1,
        1,
        1,
        null
      ],
      "/home/kushnir/Projects/opensource/gems/minfraud/spec/components/base_spec.rb": [
        1,
        null,
        1,
        1,
        1,
        1,
        null,
        null,
        1,
        1,
        1,
        null,
        null,
        null,
        1,
        3,
        3,
        null,
        1,
        1,
        null,
        null,
        1,
        1,
        1,
        null,
        null,
        null,
        null
      ],
      "/home/kushnir/Projects/opensource/gems/minfraud/spec/components/general_spec.rb": [
        1,
        null,
        1,
        13,
        13,
        26,
        26,
        null,
        null,
        null
      ],
      "/home/kushnir/Projects/opensource/gems/minfraud/spec/components/shopping_cart_spec.rb": [
        1,
        null,
        1,
        1,
        1,
        1,
        1,
        1,
        null,
        null,
        null,
        1,
        1,
        null,
        1,
        1,
        null,
        null,
        3,
        3,
        null,
        1,
        1,
        1,
        null,
        null,
        null,
        null,
        1,
        1,
        1,
        1,
        null,
        null,
        null,
        1,
        1,
        1,
        null,
        null,
        1,
        1,
        null,
        null,
        null,
        null,
        1,
        null,
        null,
        null,
        null
      ],
      "/home/kushnir/Projects/opensource/gems/minfraud/spec/enum_spec.rb": [
        1,
        null,
        1,
        1,
        8,
        8,
        8,
        null,
        null,
        null,
        1,
        1,
        1,
        null,
        null,
        null,
        1,
        6,
        null,
        1,
        1,
        null,
        null,
        1,
        1,
        null,
        null,
        1,
        1,
        null,
        null,
        1,
        1,
        null,
        null,
        1,
        2,
        null,
        null,
        1,
        1,
        1,
        null,
        null,
        1,
        1,
        1,
        null,
        null,
        null,
        null
      ],
      "/home/kushnir/Projects/opensource/gems/minfraud/spec/error_handler_spec.rb": [
        1,
        null,
        1,
        1,
        4,
        null,
        1,
        2,
        1,
        null,
        null,
        1,
        2,
        2,
        null,
        2,
        null,
        null,
        1,
        2,
        2,
        null,
        2,
        null,
        null,
        null
      ],
      "/home/kushnir/Projects/opensource/gems/minfraud/spec/http_service/request_spec.rb": [
        1,
        null,
        1,
        1,
        2,
        null,
        null,
        1,
        2,
        2,
        null,
        3,
        null,
        1,
        1,
        1,
        null,
        null,
        null
      ],
      "/home/kushnir/Projects/opensource/gems/minfraud/spec/http_service/response_spec.rb": [
        1,
        null,
        1,
        1,
        2,
        null,
        null,
        1,
        1,
        1,
        null,
        null,
        1,
        3,
        1,
        null,
        null,
        null
      ],
      "/home/kushnir/Projects/opensource/gems/minfraud/spec/http_service_spec.rb": [
        1,
        null,
        1,
        1,
        1,
        1,
        null,
        null,
        1,
        1,
        null,
        null,
        1,
        1,
        null,
        null,
        null
      ],
      "/home/kushnir/Projects/opensource/gems/minfraud/spec/minfraud_spec.rb": [
        1,
        null,
        1,
        1,
        1,
        null,
        null,
        1,
        1,
        2,
        null,
        null,
        1,
        1,
        1,
        1,
        null,
        null,
        1,
        1,
        null,
        null,
        null,
        1,
        1,
        1,
        null,
        null,
        null
      ],
      "/home/kushnir/Projects/opensource/gems/minfraud/spec/resolver_spec.rb": [
        1,
        null,
        1,
        4,
        null,
        1,
        1,
        2,
        null,
        null,
        1,
        2,
        null,
        null,
        1,
        1,
        1,
        null,
        null,
        1,
        2,
        1,
        null,
        1,
        null,
        1,
        1,
        null,
        null,
        null
      ]
    },
    "timestamp": 1495460676
  }
}
